<?xml version="1.0" encoding="UTF-8"?>
<testsuite xmlns:xsi="http://www.w3.org/2001/XMLSchema-instance" xsi:noNamespaceSchemaLocation="https://maven.apache.org/surefire/maven-surefire-plugin/xsd/surefire-test-report.xsd" name="TestSuite" time="190.872" tests="1" errors="0" skipped="0" failures="0">
  <properties>
    <property name="java.vendor" value="Eclipse OpenJ9"/>
    <property name="sun.java.launcher" value="SUN_STANDARD"/>
    <property name="os.name" value="Mac OS X"/>
    <property name="sun.boot.class.path" value="/Users/chiragnarkhede/Library/Java/JavaVirtualMachines/adopt-openj9-1.8.0_265/Contents/Home/jre/lib/compressedrefs/jclSC180/vm.jar:/Users/chiragnarkhede/Library/Java/JavaVirtualMachines/adopt-openj9-1.8.0_265/Contents/Home/jre/lib/se-service.jar:/Users/chiragnarkhede/Library/Java/JavaVirtualMachines/adopt-openj9-1.8.0_265/Contents/Home/jre/lib/rt.jar:/Users/chiragnarkhede/Library/Java/JavaVirtualMachines/adopt-openj9-1.8.0_265/Contents/Home/jre/lib/resources.jar:/Users/chiragnarkhede/Library/Java/JavaVirtualMachines/adopt-openj9-1.8.0_265/Contents/Home/jre/lib/jsse.jar:/Users/chiragnarkhede/Library/Java/JavaVirtualMachines/adopt-openj9-1.8.0_265/Contents/Home/jre/lib/charsets.jar:/Users/chiragnarkhede/Library/Java/JavaVirtualMachines/adopt-openj9-1.8.0_265/Contents/Home/jre/lib/jce.jar"/>
    <property name="java.vm.specification.vendor" value="Oracle Corporation"/>
    <property name="java.runtime.version" value="1.8.0_265-b01"/>
    <property name="user.name" value="chiragnarkhede"/>
    <property name="java.compiler" value="j9jit29"/>
    <property name="os.encoding" value="UTF-8"/>
    <property name="guice.disable.misplaced.annotation.check" value="true"/>
    <property name="com.ibm.util.extralibs.properties" value=""/>
    <property name="com.ibm.jcl.checkClassPath" value=""/>
    <property name="user.language" value="en"/>
    <property name="com.ibm.oti.vm.bootstrap.library.path" value="/Users/chiragnarkhede/Library/Java/JavaVirtualMachines/adopt-openj9-1.8.0_265/Contents/Home/jre/lib/compressedrefs:/Users/chiragnarkhede/Library/Java/JavaVirtualMachines/adopt-openj9-1.8.0_265/Contents/Home/jre/lib"/>
    <property name="idea.version" value="2020.2.1"/>
    <property name="sun.boot.library.path" value="/Users/chiragnarkhede/Library/Java/JavaVirtualMachines/adopt-openj9-1.8.0_265/Contents/Home/jre/lib/compressedrefs:/Users/chiragnarkhede/Library/Java/JavaVirtualMachines/adopt-openj9-1.8.0_265/Contents/Home/jre/lib"/>
    <property name="classworlds.conf" value="/Applications/IntelliJ IDEA CE.app/Contents/plugins/maven/lib/maven3/bin/m2.conf"/>
    <property name="jdk.extensions.version" value="8.0.265.0"/>
    <property name="java.version" value="1.8.0_265"/>
    <property name="user.timezone" value="Asia/Kolkata"/>
    <property name="com.ibm.system.agent.path" value="/Users/chiragnarkhede/Library/Java/JavaVirtualMachines/adopt-openj9-1.8.0_265/Contents/Home/jre/lib"/>
    <property name="sun.arch.data.model" value="64"/>
    <property name="com.ibm.zero.version" value="2"/>
    <property name="java.endorsed.dirs" value="/Users/chiragnarkhede/Library/Java/JavaVirtualMachines/adopt-openj9-1.8.0_265/Contents/Home/jre/lib/endorsed"/>
    <property name="com.ibm.oti.vm.library.version" value="29"/>
    <property name="sun.jnu.encoding" value="UTF-8"/>
    <property name="file.encoding.pkg" value="sun.io"/>
    <property name="file.separator" value="/"/>
    <property name="java.specification.name" value="Java Platform API Specification"/>
    <property name="maven.conf" value="/Applications/IntelliJ IDEA CE.app/Contents/plugins/maven/lib/maven3/conf"/>
    <property name="java.class.version" value="52.0"/>
    <property name="user.country" value="GB"/>
    <property name="java.home" value="/Users/chiragnarkhede/Library/Java/JavaVirtualMachines/adopt-openj9-1.8.0_265/Contents/Home/jre"/>
    <property name="java.vm.info" value="JRE 1.8.0 Mac OS X amd64-64-Bit Compressed References 20200728_646 (JIT enabled, AOT enabled)&#10;OpenJ9   - 34cf4c075&#10;OMR      - 113e54219&#10;JCL      - c82ff0c20f based on jdk8u265-b01"/>
    <property name="os.version" value="10.15.6"/>
    <property name="path.separator" value=":"/>
    <property name="java.vm.version" value="openj9-0.21.0"/>
    <property name="user.variant" value=""/>
    <property name="maven.ext.class.path" value="/Applications/IntelliJ IDEA CE.app/Contents/plugins/maven/lib/maven-event-listener.jar"/>
    <property name="java.awt.printerjob" value="sun.lwawt.macosx.CPrinterJob"/>
    <property name="jdk.extensions.name" value="Extensions for OpenJDK for Eclipse OpenJ9"/>
    <property name="sun.io.unicode.encoding" value="UnicodeLittle"/>
    <property name="awt.toolkit" value="sun.lwawt.macosx.LWCToolkit"/>
    <property name="ibm.signalhandling.sigint" value="true"/>
    <property name="user.home" value="/Users/chiragnarkhede"/>
    <property name="com.ibm.cpu.endian" value="little"/>
    <property name="java.specification.vendor" value="Oracle Corporation"/>
    <property name="ibm.signalhandling.sigchain" value="true"/>
    <property name="java.library.path" value="/Users/chiragnarkhede/Library/Java/JavaVirtualMachines/adopt-openj9-1.8.0_265/Contents/Home/jre/lib/compressedrefs:/Users/chiragnarkhede/Library/Java/JavaVirtualMachines/adopt-openj9-1.8.0_265/Contents/Home/jre/lib:/usr/lib"/>
    <property name="java.vendor.url" value="http://www.eclipse.org/openj9"/>
    <property name="java.vm.vendor" value="Eclipse OpenJ9"/>
    <property name="java.fullversion" value="1.8.0_265-b01&#10;JRE 1.8.0 Mac OS X amd64-64-Bit Compressed References 20200728_646 (JIT enabled, AOT enabled)&#10;OpenJ9   - 34cf4c075&#10;OMR      - 113e54219&#10;JCL      - c82ff0c20f based on jdk8u265-b01"/>
    <property name="maven.home" value="/Applications/IntelliJ IDEA CE.app/Contents/plugins/maven/lib/maven3"/>
    <property name="java.runtime.name" value="OpenJDK Runtime Environment"/>
    <property name="sun.java.command" value="org.codehaus.classworlds.Launcher -Didea.version=2020.2.1 clean test"/>
    <property name="java.class.path" value="/Applications/IntelliJ IDEA CE.app/Contents/plugins/maven/lib/maven3/boot/plexus-classworlds.license:/Applications/IntelliJ IDEA CE.app/Contents/plugins/maven/lib/maven3/boot/plexus-classworlds-2.6.0.jar:/Applications/IntelliJ IDEA CE.app/Contents/lib/idea_rt.jar:/Applications/IntelliJ IDEA CE.app/Contents/lib/idea_rt.jar"/>
    <property name="java.vm.specification.name" value="Java Virtual Machine Specification"/>
    <property name="java.vm.specification.version" value="1.8"/>
    <property name="sun.cpu.endian" value="little"/>
    <property name="java.io.tmpdir" value="/var/folders/_k/44y98sb93rs9zkv7xp12n7gm0000gn/T/"/>
    <property name="maven.multiModuleProjectDirectory" value="/Users/chiragnarkhede/Documents/Leave-Tracking-application"/>
    <property name="ibm.system.encoding" value="UTF-8"/>
    <property name="os.arch" value="x86_64"/>
    <property name="java.awt.graphicsenv" value="sun.awt.CGraphicsEnvironment"/>
    <property name="ibm.signalhandling.rs" value="false"/>
    <property name="java.ext.dirs" value="/Users/chiragnarkhede/Library/Java/JavaVirtualMachines/adopt-openj9-1.8.0_265/Contents/Home/jre/lib/ext"/>
    <property name="user.dir" value="/Users/chiragnarkhede/Documents/Leave-Tracking-application"/>
    <property name="line.separator" value="&#10;"/>
    <property name="java.vm.name" value="Eclipse OpenJ9 VM"/>
    <property name="com.ibm.oti.shared.enabled" value="false"/>
    <property name="com.ibm.vm.bitmode" value="64"/>
    <property name="file.encoding" value="UTF-8"/>
    <property name="com.ibm.oti.configuration" value="scar"/>
    <property name="java.specification.version" value="1.8"/>
  </properties>
  <testcase name="check" classname="functionTest.CreateNewLeave" time="44.885"/>
</testsuite>