<?xml version="1.0" encoding="UTF-8"?>
<!-- Generated by org.testng.reporters.JUnitReportReporter -->
<testsuite skipped="0" hostname="Chirags-MacBook-Pro.local" name="functionTest.CreateNewLeave" tests="1" failures="0" timestamp="15 Sep 2020 12:54:13 GMT" time="49.829" errors="0">
  <testcase name="check" time="49.829" classname="functionTest.CreateNewLeave"/>
</testsuite> <!-- functionTest.CreateNewLeave -->
